#-----------------------------------------------------------
# Vivado v2018.3 (64-bit)
# SW Build 2405991 on Thu Dec  6 23:38:27 MST 2018
# IP Build 2404404 on Fri Dec  7 01:43:56 MST 2018
# Start of session at: Sat Apr  4 15:49:33 2020
# Process ID: 11640
# Current directory: D:/Vivado/180110528_’≈‹∞”Ë/package_28
# Command line: vivado.exe -gui_launcher_event rodinguilauncherevent17500 D:\Vivado\180110528_’≈‹∞”Ë\package_28\package_28.xpr
# Log file: D:/Vivado/180110528_’≈‹∞”Ë/package_28/vivado.log
# Journal file: D:/Vivado/180110528_’≈‹∞”Ë/package_28\vivado.jou
#-----------------------------------------------------------
start_gui
open_project D:/Vivado/180110528_’≈‹∞”Ë/package_28/package_28.xpr
INFO: [Project 1-313] Project file moved from 'E:/package_28' since last save.
Scanning sources...
Finished scanning sources
INFO: [IP_Flow 19-234] Refreshing IP repositories
INFO: [IP_Flow 19-1704] No user IP repositories specified
INFO: [IP_Flow 19-2313] Loaded Vivado IP repository 'D:/Xilinx/Vivado/2018.3/data/ip'.
open_project: Time (s): cpu = 00:00:20 ; elapsed = 00:00:08 . Memory (MB): peak = 743.234 ; gain = 135.582
update_compile_order -fileset sources_1
exit
INFO: [Common 17-206] Exiting Vivado at Sun Apr  5 21:06:03 2020...
