#-----------------------------------------------------------
# Vivado v2018.3 (64-bit)
# SW Build 2405991 on Thu Dec  6 23:38:27 MST 2018
# IP Build 2404404 on Fri Dec  7 01:43:56 MST 2018
# Start of session at: Tue Apr 21 13:49:05 2020
# Process ID: 4636
# Current directory: D:/Vivado/Lab3_Booth
# Command line: vivado.exe -gui_launcher_event rodinguilauncherevent13220 D:\Vivado\Lab3_Booth\Booth.xpr
# Log file: D:/Vivado/Lab3_Booth/vivado.log
# Journal file: D:/Vivado/Lab3_Booth\vivado.jou
#-----------------------------------------------------------
start_gui
open_project D:/Vivado/Lab3_Booth/Booth.xpr
INFO: [Project 1-313] Project file moved from 'D:/Tanimodori/Document/Lecture/HIT_2020_Spring_COMP2008/Booth' since last save.
Scanning sources...
Finished scanning sources
INFO: [IP_Flow 19-234] Refreshing IP repositories
INFO: [IP_Flow 19-1704] No user IP repositories specified
INFO: [IP_Flow 19-2313] Loaded Vivado IP repository 'D:/Xilinx/Vivado/2018.3/data/ip'.
open_project: Time (s): cpu = 00:00:12 ; elapsed = 00:00:05 . Memory (MB): peak = 708.922 ; gain = 100.676
update_compile_order -fileset sources_1
open_project D:/Vivado/Lab1_Cache/Lab1_Cache.xpr
Scanning sources...
Finished scanning sources
INFO: [IP_Flow 19-234] Refreshing IP repositories
INFO: [IP_Flow 19-1704] No user IP repositories specified
INFO: [IP_Flow 19-2313] Loaded Vivado IP repository 'D:/Xilinx/Vivado/2018.3/data/ip'.
update_compile_order -fileset sources_1
current_project Booth
current_project Lab1_Cache
close_project
exit
INFO: [Common 17-206] Exiting Vivado at Tue Apr 21 14:56:08 2020...
