Vivado Simulator 2018.3
Time resolution is 1 ps
========进行仲裁测试（链式查询方法）========
共有1个设备提起请求
请求状态：设备3(0);设备2(0);设备1(0);设备0(1)
本次设备0将得到总线控制权
                 100时刻，设备0已得到响应
                 120时刻，设备0完成总线访问，请求已撤出
========进行仲裁测试（链式查询方法）========
共有2个设备提起请求
请求状态：设备3(0);设备2(0);设备1(1);设备0(1)
本次设备0将得到总线控制权
                 220时刻，设备0已得到响应
                 240时刻，设备0完成总线访问，请求已撤出
请求状态：设备3(0);设备2(0);设备1(1);设备0(0)
本次设备1将得到总线控制权
                 240时刻，设备1已得到响应
                 260时刻，设备1完成总线访问，请求已撤出
========进行仲裁测试（链式查询方法）========
共有3个设备提起请求
请求状态：设备3(0);设备2(1);设备1(1);设备0(1)
本次设备0将得到总线控制权
                 360时刻，设备0已得到响应
                 380时刻，设备0完成总线访问，请求已撤出
请求状态：设备3(0);设备2(1);设备1(1);设备0(0)
本次设备1将得到总线控制权
                 380时刻，设备1已得到响应
                 400时刻，设备1完成总线访问，请求已撤出
请求状态：设备3(0);设备2(1);设备1(0);设备0(0)
本次设备2将得到总线控制权
                 400时刻，设备2已得到响应
                 420时刻，设备2完成总线访问，请求已撤出
========进行仲裁测试（链式查询方法）========
共有4个设备提起请求
请求状态：设备3(1);设备2(1);设备1(1);设备0(1)
本次设备0将得到总线控制权
                 520时刻，设备0已得到响应
                 540时刻，设备0完成总线访问，请求已撤出
请求状态：设备3(1);设备2(1);设备1(1);设备0(0)
本次设备1将得到总线控制权
                 540时刻，设备1已得到响应
                 560时刻，设备1完成总线访问，请求已撤出
请求状态：设备3(1);设备2(1);设备1(0);设备0(0)
本次设备2将得到总线控制权
                 560时刻，设备2已得到响应
                 580时刻，设备2完成总线访问，请求已撤出
请求状态：设备3(1);设备2(0);设备1(0);设备0(0)
本次设备3将得到总线控制权
                 580时刻，设备3已得到响应
                 600时刻，设备3完成总线访问，请求已撤出
========进行仲裁测试（链式查询方法）========
共有3个设备提起请求
请求状态：设备3(1);设备2(1);设备1(0);设备0(1)
本次设备0将得到总线控制权
                 700时刻，设备0已得到响应
                 720时刻，设备0完成总线访问，请求已撤出
请求状态：设备3(1);设备2(1);设备1(0);设备0(0)
本次设备2将得到总线控制权
                 720时刻，设备2已得到响应
                 740时刻，设备2完成总线访问，请求已撤出
请求状态：设备3(1);设备2(0);设备1(0);设备0(0)
本次设备3将得到总线控制权
                 740时刻，设备3已得到响应
                 760时刻，设备3完成总线访问，请求已撤出
========进行仲裁测试（链式查询方法）========
共有2个设备提起请求
请求状态：设备3(0);设备2(0);设备1(1);设备0(1)
本次设备0将得到总线控制权
                 860时刻，设备0已得到响应
                 880时刻，设备0完成总线访问，请求已撤出
请求状态：设备3(0);设备2(0);设备1(1);设备0(0)
本次设备1将得到总线控制权
                 880时刻，设备1已得到响应
                 900时刻，设备1完成总线访问，请求已撤出
========进行仲裁测试（链式查询方法）========
共有2个设备提起请求
请求状态：设备3(1);设备2(1);设备1(0);设备0(0)
本次设备2将得到总线控制权
                1000时刻，设备2已得到响应
                1020时刻，设备2完成总线访问，请求已撤出
请求状态：设备3(1);设备2(0);设备1(0);设备0(0)
本次设备3将得到总线控制权
                1020时刻，设备3已得到响应
                1040时刻，设备3完成总线访问，请求已撤出
========进行仲裁测试（链式查询方法）========
共有4个设备提起请求
请求状态：设备3(1);设备2(1);设备1(1);设备0(1)
本次设备0将得到总线控制权
                1140时刻，设备0已得到响应
                1160时刻，设备0完成总线访问，请求已撤出
请求状态：设备3(1);设备2(1);设备1(1);设备0(0)
本次设备1将得到总线控制权
                1160时刻，设备1已得到响应
                1180时刻，设备1完成总线访问，请求已撤出
请求状态：设备3(1);设备2(1);设备1(0);设备0(0)
本次设备2将得到总线控制权
                1180时刻，设备2已得到响应
                1200时刻，设备2完成总线访问，请求已撤出
请求状态：设备3(1);设备2(0);设备1(0);设备0(0)
本次设备3将得到总线控制权
                1200时刻，设备3已得到响应
                1220时刻，设备3完成总线访问，请求已撤出
========进行仲裁测试（链式查询方法）========
测试全部通过
