#
# A fatal error has been detected by the Java Runtime Environment:
#
#  EXCEPTION_ACCESS_VIOLATION (0xc0000005) at pc=0x00007fff4cfd825f, pid=2956, tid=19304
#
# JRE version: Java(TM) SE Runtime Environment (9.0+11) (build 9.0.4+11)
# Java VM: Java HotSpot(TM) 64-Bit Server VM (9.0.4+11, mixed mode, tiered, compressed oops, g1 gc, windows-amd64)
# Problematic frame:
# C  [librdi_simdata.dll+0x5825f]
#
# No core dump will be written. Minidumps are not enabled by default on client versions of Windows
#
# If you would like to submit a bug report, please visit:
#   http://bugreport.java.com/bugreport/crash.jsp
# The crash happened outside the Java Virtual Machine in native code.
# See problematic frame for where to report the bug.
#

---------------  S U M M A R Y ------------

Command Line: -Dsun.java2d.pmoffscreen=false -Dsun.java2d.xrender=false -Dsun.java2d.d3d=false -Dsun.awt.nopixfmt=true -Dsun.java2d.dpiaware=true -Dsun.java2d.uiScale.enabled=false -Xverify:none -Dswing.aatext=true -XX:-UsePerfData -Djdk.map.althashing.threshold=512 -XX:StringTableSize=4072 --add-opens=java.base/java.nio=ALL-UNNAMED --add-opens=java.desktop/sun.swing=ALL-UNNAMED --add-opens=java.desktop/javax.swing=ALL-UNNAMED --add-opens=java.desktop/javax.swing.tree=ALL-UNNAMED --add-opens=java.desktop/javax.swing.plaf.basic=ALL-UNNAMED --add-opens=java.desktop/javax.swing.plaf.synth=ALL-UNNAMED --add-opens=java.desktop/com.sun.awt=ALL-UNNAMED -XX:NewSize=60m -XX:MaxNewSize=60m -Xms128m -Xmx3072m -Xss5m 

Host: Intel(R) Core(TM) i7-8550U CPU @ 1.80GHz, 8 cores, 7G,  Windows 10 , 64 bit Build 18362 (10.0.18362.329)
Time: Thu Apr 09 02:54:39 2020 ?D1¨²¡À¨º¡Á?¨º¡À?? elapsed time: 39 seconds (0d 0h 0m 39s)

---------------  T H R E A D  ---------------

Current thread (0x0000022393ec6800):  JavaThread "AWT-EventQueue-1" [_thread_in_native, id=19304, stack(0x000000470f500000,0x000000470fa00000)]

Stack: [0x000000470f500000,0x000000470fa00000],  sp=0x000000470f9fadd0,  free space=5099k
Native frames: (J=compiled Java code, j=interpreted, Vv=VM code, C=native code)

Java frames: (J=compiled Java code, j=interpreted, Vv=VM code)
j  ui.frmwork.tcltasksi.abortNow()V+0
j  ui.bm.b(Ljava/awt/Component;)Z+72
j  ui.ci.windowClosing(Ljava/awt/event/WindowEvent;)V+79
j  java.awt.AWTEventMulticaster.windowClosing(Ljava/awt/event/WindowEvent;)V+21 java.desktop@9.0.4
j  java.awt.AWTEventMulticaster.windowClosing(Ljava/awt/event/WindowEvent;)V+8 java.desktop@9.0.4
j  java.awt.AWTEventMulticaster.windowClosing(Ljava/awt/event/WindowEvent;)V+8 java.desktop@9.0.4
j  java.awt.Window.processWindowEvent(Ljava/awt/event/WindowEvent;)V+68 java.desktop@9.0.4
j  javax.swing.JFrame.processWindowEvent(Ljava/awt/event/WindowEvent;)V+2 java.desktop@9.0.4
j  java.awt.Window.processEvent(Ljava/awt/AWTEvent;)V+69 java.desktop@9.0.4
J 7245 c1 java.awt.Component.dispatchEventImpl(Ljava/awt/AWTEvent;)V java.desktop@9.0.4 (739 bytes) @ 0x00000223a034b55c [0x00000223a03478e0+0x0000000000003c7c]
J 6321 c1 java.awt.Container.dispatchEventImpl(Ljava/awt/AWTEvent;)V java.desktop@9.0.4 (129 bytes) @ 0x00000223a01d5d1c [0x00000223a01d5be0+0x000000000000013c]
j  java.awt.Window.dispatchEventImpl(Ljava/awt/AWTEvent;)V+19 java.desktop@9.0.4
J 9268 c1 java.awt.EventQueue.dispatchEventImpl(Ljava/awt/AWTEvent;Ljava/lang/Object;)V java.desktop@9.0.4 (136 bytes) @ 0x00000223a0856cdc [0x00000223a08567c0+0x000000000000051c]
J 9266 c1 java.awt.EventQueue$3.run()Ljava/lang/Void; java.desktop@9.0.4 (60 bytes) @ 0x00000223a0855c24 [0x00000223a0855a20+0x0000000000000204]
J 9265 c1 java.awt.EventQueue$3.run()Ljava/lang/Object; java.desktop@9.0.4 (5 bytes) @ 0x00000223a0855644 [0x00000223a08555c0+0x0000000000000084]
v  ~StubRoutines::call_stub
J 2968  java.security.AccessController.doPrivileged(Ljava/security/PrivilegedAction;Ljava/security/AccessControlContext;)Ljava/lang/Object; java.base@9.0.4 (0 bytes) @ 0x00000223a69e74c6 [0x00000223a69e7460+0x0000000000000066]
J 9851 c1 java.awt.EventQueue$4.run()Ljava/lang/Object; java.desktop@9.0.4 (5 bytes) @ 0x00000223a0a400d4 [0x00000223a0a3fce0+0x00000000000003f4]
v  ~StubRoutines::call_stub
J 2968  java.security.AccessController.doPrivileged(Ljava/security/PrivilegedAction;Ljava/security/AccessControlContext;)Ljava/lang/Object; java.base@9.0.4 (0 bytes) @ 0x00000223a69e74c6 [0x00000223a69e7460+0x0000000000000066]
J 7657 c1 java.awt.EventQueue.dispatchEvent(Ljava/awt/AWTEvent;)V java.desktop@9.0.4 (80 bytes) @ 0x00000223a0459834 [0x00000223a04589a0+0x0000000000000e94]
J 7590 c1 ui.frmwork.b.d.dispatchEvent(Ljava/awt/AWTEvent;)V (34 bytes) @ 0x00000223a0425864 [0x00000223a04257a0+0x00000000000000c4]
J 7594 c1 java.awt.EventDispatchThread.pumpOneEventForFilters(I)V java.desktop@9.0.4 (218 bytes) @ 0x00000223a04304bc [0x00000223a042f0c0+0x00000000000013fc]
j  java.awt.EventDispatchThread.pumpEventsForFilter(ILjava/awt/Conditional;Ljava/awt/EventFilter;)V+35 java.desktop@9.0.4
j  java.awt.EventDispatchThread.pumpEventsForHierarchy(ILjava/awt/Conditional;Ljava/awt/Component;)V+11 java.desktop@9.0.4
j  java.awt.EventDispatchThread.pumpEvents(ILjava/awt/Conditional;)V+4 java.desktop@9.0.4
j  java.awt.EventDispatchThread.pumpEvents(Ljava/awt/Conditional;)V+3 java.desktop@9.0.4
j  java.awt.EventDispatchThread.run()V+9 java.desktop@9.0.4
v  ~StubRoutines::call_stub

siginfo: EXCEPTION_ACCESS_VIOLATION (0xc0000005), reading address 0x0000000000000020


Register to memory mapping:

RIP=0x00007fff4cfd825f librdi_simdata.dll
RAX=0x00007fff4d18c5b0 librdi_simdata.dll
RBX=0x00000223bf647490 is an unknown value
RCX=0x0000000000000002 is an unknown value
RDX=0x00007fff4d18c5b0 librdi_simdata.dll
RSP=0x000000470f9fadd0 is pointing into the stack for thread: 0x0000022393ec6800
RBP=0x0000000000000000 is an unknown value
RSI=0x0000000000000001 is an unknown value
RDI=0x0000000000000004 is an unknown value
R8 =0x0000000000000000 is an unknown value
R9 =0x0000000000000018 is an unknown value
R10=0x0000000000008000 is an unknown value
R11=0x000000470f9fadc0 is pointing into the stack for thread: 0x0000022393ec6800
R12=0x00007fff4d0a19dc librdi_simdata.dll
R13={method} {0x00000223b86d7e10} 'abortNow' '()V' in 'ui/frmwork/tcltasksi'
R14=0x000000470f9fb018 is pointing into the stack for thread: 0x0000022393ec6800
R15=0x00000223bf3c6180 is an unknown value


Registers:
RAX=0x00007fff4d18c5b0, RBX=0x00000223bf647490, RCX=0x0000000000000002, RDX=0x00007fff4d18c5b0
RSP=0x000000470f9fadd0, RBP=0x0000000000000000, RSI=0x0000000000000001, RDI=0x0000000000000004
R8 =0x0000000000000000, R9 =0x0000000000000018, R10=0x0000000000008000, R11=0x000000470f9fadc0
R12=0x00007fff4d0a19dc, R13=0x00000223b86d7e08, R14=0x000000470f9fb018, R15=0x00000223bf3c6180
RIP=0x00007fff4cfd825f, EFLAGS=0x0000000000010202

Top of Stack: (sp=0x000000470f9fadd0)
0x000000470f9fadd0:   00000223b86d7e08 00007fff4d0a19dc
0x000000470f9fade0:   00000223be359750 00007fffc8dffc11
0x000000470f9fadf0:   fffffffffffffffe 000002238c8a0000
0x000000470f9fae00:   000000470f9fb018 0000000000000000
0x000000470f9fae10:   0000000000000001 00007fff4cfd6fa2
0x000000470f9fae20:   00000223bf647490 00007fffc61f14cb
0x000000470f9fae30:   0000000000000000 0000000000000000
0x000000470f9fae40:   fffffffffffffffe 00007fff4d0a19dc
0x000000470f9fae50:   00000223bf647540 00007fff4cfd7141
0x000000470f9fae60:   00000223bf647490 0000022300000000
0x000000470f9fae70:   00000223be66cce0 00000223be66cce0
0x000000470f9fae80:   fffffffffffffffe 00000223bf3c6180
0x000000470f9fae90:   00000223bf647490 00007fff4cff03c0
0x000000470f9faea0:   00000223be66cce0 00000223bf647490
0x000000470f9faeb0:   0000000000000001 0000022300000000
0x000000470f9faec0:   fffffffffffffffe 00007fff4d0a19dc 

Instructions: (pc=0x00007fff4cfd825f)
0x00007fff4cfd823f:   e8 fc fe ff ff 48 8b d0 48 8b cb 48 c1 e9 03 48
0x00007fff4cfd824f:   03 cb 48 23 48 30 4c 8b 40 18 48 8b f9 48 03 ff
0x00007fff4cfd825f:   49 8b 3c f8 48 03 c9 4c 8d 0c cd 08 00 00 00 4d
0x00007fff4cfd826f:   8b 14 c8 4c 3b 52 08 75 06 48 8b 42 08 eb 07 4b 



---------------  P R O C E S S  ---------------

Java Threads: ( => current thread )
  0x00000223b9cd5000 JavaThread "hw_ila_monitor" [_thread_blocked, id=16588, stack(0x0000004712500000,0x0000004712a00000)]
  0x00000223babb7800 JavaThread "Update Runs Swing Worker" [_thread_blocked, id=10200, stack(0x0000004712000000,0x0000004712500000)]
  0x00000223babb0000 JavaThread "Refresh Filesets Swing Worker" [_thread_blocked, id=14572, stack(0x0000004711b00000,0x0000004712000000)]
  0x00000223babb7000 JavaThread "SyntheticaAnimation 70" daemon [_thread_blocked, id=1652, stack(0x0000004711600000,0x0000004711b00000)]
  0x00000223babaf800 JavaThread "SyntheticaAnimation 25" daemon [_thread_blocked, id=11140, stack(0x000000470e100000,0x000000470e600000)]
  0x00000223babb5800 JavaThread "SyntheticaAnimation 50" daemon [_thread_blocked, id=19892, stack(0x0000004710e00000,0x0000004711300000)]
  0x00000223babb4000 JavaThread "Monitor HEventQueue" [_thread_blocked, id=5436, stack(0x000000470fd00000,0x0000004710200000)]
  0x0000022393ec8000 JavaThread "Batik CleanerThread" daemon [_thread_blocked, id=14264, stack(0x0000004710400000,0x0000004710900000)]
  0x0000022393ec1800 JavaThread "SyntheticaCleanerThread" daemon [_thread_blocked, id=5700, stack(0x000000470e600000,0x000000470eb00000)]
=>0x0000022393ec6800 JavaThread "AWT-EventQueue-1" [_thread_in_native, id=19304, stack(0x000000470f500000,0x000000470fa00000)]
  0x00000223b9426000 JavaThread "AWT-Shutdown" [_thread_blocked, id=18292, stack(0x000000470f000000,0x000000470f500000)]
  0x00000223b79f6800 JavaThread "Process Messages" [_thread_blocked, id=19584, stack(0x000000470eb00000,0x000000470f000000)]
  0x00000223b8165800 JavaThread "Thread-1" [_thread_in_native, id=19948, stack(0x0000004707e00000,0x0000004709200000)]
  0x00000223b95d7800 JavaThread "TimerQueue" daemon [_thread_blocked, id=9176, stack(0x000000470d700000,0x000000470dc00000)]
  0x00000223b7b04800 JavaThread "AWT-Windows" daemon [_thread_in_native, id=8876, stack(0x000000470dc00000,0x000000470e100000)]
  0x00000223b7ba1000 JavaThread "Java2D Disposer" daemon [_thread_blocked, id=11644, stack(0x000000470d200000,0x000000470d700000)]
  0x00000223954a3800 JavaThread "Service Thread" daemon [_thread_blocked, id=14108, stack(0x000000470cc00000,0x000000470d100000)]
  0x0000022397401800 JavaThread "Common-Cleaner" daemon [_thread_blocked, id=12792, stack(0x000000470c700000,0x000000470cc00000)]
  0x0000022393ec6000 JavaThread "Sweeper thread" daemon [_thread_blocked, id=4328, stack(0x000000470c200000,0x000000470c700000)]
  0x0000022393334000 JavaThread "C1 CompilerThread3" daemon [_thread_blocked, id=4356, stack(0x000000470c100000,0x000000470c200000)]
  0x0000022393333800 JavaThread "C2 CompilerThread2" daemon [_thread_blocked, id=16932, stack(0x000000470c000000,0x000000470c100000)]
  0x00000223938fb800 JavaThread "C2 CompilerThread1" daemon [_thread_blocked, id=1112, stack(0x000000470bf00000,0x000000470c000000)]
  0x00000223938fa800 JavaThread "C2 CompilerThread0" daemon [_thread_blocked, id=2380, stack(0x000000470be00000,0x000000470bf00000)]
  0x0000022397bee800 JavaThread "Attach Listener" daemon [_thread_blocked, id=18284, stack(0x000000470b900000,0x000000470be00000)]
  0x0000022394060800 JavaThread "Signal Dispatcher" daemon [_thread_blocked, id=20384, stack(0x000000470b400000,0x000000470b900000)]
  0x000002239405f800 JavaThread "Finalizer" daemon [_thread_blocked, id=18400, stack(0x000000470af00000,0x000000470b400000)]
  0x000002239821c000 JavaThread "Reference Handler" daemon [_thread_blocked, id=18920, stack(0x000000470aa00000,0x000000470af00000)]
  0x000002238e28a800 JavaThread "main" [_thread_blocked, id=11168, stack(0x0000004707d00000,0x0000004707e00000)]

Other Threads:
  0x0000022393630000 VMThread "VM Thread" [stack: 0x000000470a900000,0x000000470aa00000] [id=17172]
  0x00000223954a4800 WatcherThread [stack: 0x000000470d100000,0x000000470d200000] [id=8824]
  0x000002239391f000 GCTaskThread "GC Thread#0" [stack: 0x0000004709500000,0x0000004709600000] [id=10304]
  0x00000223935fe000 GCTaskThread "GC Thread#1" [stack: 0x0000004709600000,0x0000004709700000] [id=19756]
  0x00000223935fd000 GCTaskThread "GC Thread#2" [stack: 0x0000004709700000,0x0000004709800000] [id=1780]
  0x00000223935fe800 GCTaskThread "GC Thread#3" [stack: 0x0000004709800000,0x0000004709900000] [id=12364]
  0x00000223935fb800 GCTaskThread "GC Thread#4" [stack: 0x0000004709900000,0x0000004709a00000] [id=8712]
  0x00000223935fc000 GCTaskThread "GC Thread#5" [stack: 0x0000004709a00000,0x0000004709b00000] [id=14784]
  0x00000223935fc800 GCTaskThread "GC Thread#6" [stack: 0x0000004709b00000,0x0000004709c00000] [id=8528]
  0x0000022393a4d800 GCTaskThread "GC Thread#7" [stack: 0x0000004709c00000,0x0000004709d00000] [id=15268]
  0x0000022395248800 ConcurrentGCThread "G1 Main Marker" [stack: 0x000000470a600000,0x000000470a700000] [id=10856]
  0x0000022393a4c800 ConcurrentGCThread "G1 Marker#0" [stack: 0x000000470a700000,0x000000470a800000] [id=20092]
  0x0000022393a49800 ConcurrentGCThread "G1 Marker#1" [stack: 0x000000470a800000,0x000000470a900000] [id=11976]
  0x000002239336e800 ConcurrentGCThread "G1 Refine#0" [stack: 0x000000470a400000,0x000000470a500000] [id=13480]
  0x000002239362f800 ConcurrentGCThread "G1 Refine#1" [stack: 0x000000470a300000,0x000000470a400000] [id=13204]
  0x00000223943a5000 ConcurrentGCThread "G1 Refine#2" [stack: 0x000000470a200000,0x000000470a300000] [id=5680]
  0x00000223943a4800 ConcurrentGCThread "G1 Refine#3" [stack: 0x000000470a100000,0x000000470a200000] [id=2108]
  0x0000022392d79800 ConcurrentGCThread "G1 Refine#4" [stack: 0x000000470a000000,0x000000470a100000] [id=11680]
  0x0000022397e45800 ConcurrentGCThread "G1 Refine#5" [stack: 0x0000004709f00000,0x000000470a000000] [id=10272]
  0x00000223935cf000 ConcurrentGCThread "G1 Refine#6" [stack: 0x0000004709e00000,0x0000004709f00000] [id=11336]
  0x0000022393557000 ConcurrentGCThread "G1 Refine#7" [stack: 0x0000004709d00000,0x0000004709e00000] [id=18936]
  0x000002239336f000 ConcurrentGCThread "G1 Young RemSet Sampling" [stack: 0x000000470a500000,0x000000470a600000] [id=10576]

Threads with active compile tasks:

VM state:not at safepoint (normal execution)

VM Mutex/Monitor currently owned by a thread: None

Heap address: 0x0000000700000000, size: 3072 MB, Compressed Oops mode: Zero based, Oop shift amount: 3
Narrow klass base: 0x0000000000000000, Narrow klass shift: 3
Compressed class space size: 1073741824 Address: 0x00000007c0000000

Heap:
 garbage-first heap   total 131072K, used 76779K [0x0000000700000000, 0x0000000700100400, 0x00000007c0000000)
  region size 1024K, 22 young (22528K), 6 survivors (6144K)
 Metaspace       used 63478K, capacity 66662K, committed 66688K, reserved 1105920K
  class space    used 8746K, capacity 9327K, committed 9344K, reserved 1048576K
Heap Regions: E=young(eden), S=young(survivor), O=old, HS=humongous(starts), HC=humongous(continues), CS=collection set, F=free, A=archive, TS=gc time stamp, AC=allocation context, TAMS=top-at-mark-start (previous, next)
|   0|0x0000000700000000, 0x00000007000ffff0, 0x0000000700100000| 99%| O|  |TS  0|AC  0|TAMS 0x0000000700000000, 0x0000000700000000|
|   1|0x0000000700100000, 0x0000000700200000, 0x0000000700200000|100%|HS|  |TS  0|AC  0|TAMS 0x0000000700100000, 0x0000000700100000|
|   2|0x0000000700200000, 0x0000000700300000, 0x0000000700300000|100%|HC|  |TS  0|AC  0|TAMS 0x0000000700200000, 0x0000000700200000|
|   3|0x0000000700300000, 0x0000000700400000, 0x0000000700400000|100%|HS|  |TS  0|AC  0|TAMS 0x0000000700300000, 0x0000000700300000|
|   4|0x0000000700400000, 0x00000007004ffff0, 0x0000000700500000| 99%| O|  |TS  0|AC  0|TAMS 0x0000000700400000, 0x0000000700400000|
|   5|0x0000000700500000, 0x00000007005ffff0, 0x0000000700600000| 99%| O|  |TS  0|AC  0|TAMS 0x0000000700500000, 0x0000000700500000|
|   6|0x0000000700600000, 0x00000007006fdb20, 0x0000000700700000| 99%| O|  |TS  0|AC  0|TAMS 0x0000000700600000, 0x0000000700600000|
|   7|0x0000000700700000, 0x00000007007ffeb8, 0x0000000700800000| 99%| O|  |TS  0|AC  0|TAMS 0x0000000700700000, 0x0000000700700000|
|   8|0x0000000700800000, 0x00000007008f37f0, 0x0000000700900000| 95%| O|  |TS  0|AC  0|TAMS 0x0000000700800000, 0x0000000700800000|
|   9|0x0000000700900000, 0x0000000700a00000, 0x0000000700a00000|100%|HS|  |TS  0|AC  0|TAMS 0x0000000700900000, 0x0000000700900000|
|  10|0x0000000700a00000, 0x0000000700aee150, 0x0000000700b00000| 93%| O|  |TS  0|AC  0|TAMS 0x0000000700a00000, 0x0000000700a00000|
|  11|0x0000000700b00000, 0x0000000700c00000, 0x0000000700c00000|100%|HS|  |TS  0|AC  0|TAMS 0x0000000700b00000, 0x0000000700b00000|
|  12|0x0000000700c00000, 0x0000000700d00000, 0x0000000700d00000|100%|HC|  |TS  0|AC  0|TAMS 0x0000000700c00000, 0x0000000700c00000|
|  13|0x0000000700d00000, 0x0000000700dfda70, 0x0000000700e00000| 99%| O|  |TS  0|AC  0|TAMS 0x0000000700d00000, 0x0000000700d00000|
|  14|0x0000000700e00000, 0x0000000700ef6598, 0x0000000700f00000| 96%| O|  |TS  0|AC  0|TAMS 0x0000000700e00000, 0x0000000700e00000|
|  15|0x0000000700f00000, 0x0000000700ffed88, 0x0000000701000000| 99%| O|  |TS  0|AC  0|TAMS 0x0000000700f00000, 0x0000000700f00000|
|  16|0x0000000701000000, 0x00000007010ffff0, 0x0000000701100000| 99%| O|  |TS  0|AC  0|TAMS 0x0000000701000000, 0x0000000701000000|
|  17|0x0000000701100000, 0x00000007011ffff8, 0x0000000701200000| 99%| O|  |TS  0|AC  0|TAMS 0x0000000701100000, 0x0000000701100000|
|  18|0x0000000701200000, 0x00000007012ffff8, 0x0000000701300000| 99%| O|  |TS  0|AC  0|TAMS 0x0000000701200000, 0x0000000701200000|
|  19|0x0000000701300000, 0x00000007013fffe8, 0x0000000701400000| 99%| O|  |TS  0|AC  0|TAMS 0x0000000701300000, 0x0000000701300000|
|  20|0x0000000701400000, 0x00000007014ffff0, 0x0000000701500000| 99%| O|  |TS  0|AC  0|TAMS 0x0000000701400000, 0x0000000701400000|
|  21|0x0000000701500000, 0x00000007015ffff0, 0x0000000701600000| 99%| O|  |TS  0|AC  0|TAMS 0x0000000701500000, 0x0000000701500000|
|  22|0x0000000701600000, 0x00000007016fffe8, 0x0000000701700000| 99%| O|  |TS  0|AC  0|TAMS 0x0000000701600000, 0x0000000701600000|
|  23|0x0000000701700000, 0x00000007017fff08, 0x0000000701800000| 99%| O|  |TS  0|AC  0|TAMS 0x0000000701700000, 0x0000000701700000|
|  24|0x0000000701800000, 0x00000007018ffe50, 0x0000000701900000| 99%| O|  |TS  0|AC  0|TAMS 0x0000000701800000, 0x0000000701800000|
|  25|0x0000000701900000, 0x00000007019fffc0, 0x0000000701a00000| 99%| O|  |TS  0|AC  0|TAMS 0x0000000701900000, 0x0000000701900000|
|  26|0x0000000701a00000, 0x0000000701affff0, 0x0000000701b00000| 99%| O|  |TS  0|AC  0|TAMS 0x0000000701a00000, 0x0000000701a00000|
|  27|0x0000000701b00000, 0x0000000701bffff0, 0x0000000701c00000| 99%| O|  |TS  0|AC  0|TAMS 0x0000000701b00000, 0x0000000701b00000|
|  28|0x0000000701c00000, 0x0000000701cffff0, 0x0000000701d00000| 99%| O|  |TS  0|AC  0|TAMS 0x0000000701c00000, 0x0000000701c00000|
|  29|0x0000000701d00000, 0x0000000701dfffe8, 0x0000000701e00000| 99%| O|  |TS  0|AC  0|TAMS 0x0000000701d00000, 0x0000000701d00000|
|  30|0x0000000701e00000, 0x0000000701effff8, 0x0000000701f00000| 99%| O|  |TS  0|AC  0|TAMS 0x0000000701e00000, 0x0000000701e00000|
|  31|0x0000000701f00000, 0x0000000701fffff0, 0x0000000702000000| 99%| O|  |TS  0|AC  0|TAMS 0x0000000701f00000, 0x0000000701f00000|
|  32|0x0000000702000000, 0x00000007020ffff0, 0x0000000702100000| 99%| O|  |TS  0|AC  0|TAMS 0x0000000702000000, 0x0000000702000000|
|  33|0x0000000702100000, 0x00000007021fddf0, 0x0000000702200000| 99%| O|  |TS  0|AC  0|TAMS 0x0000000702100000, 0x0000000702100000|
|  34|0x0000000702200000, 0x00000007022f7d30, 0x0000000702300000| 96%| O|  |TS  0|AC  0|TAMS 0x0000000702200000, 0x0000000702200000|
|  35|0x0000000702300000, 0x00000007023fffe0, 0x0000000702400000| 99%| O|  |TS  0|AC  0|TAMS 0x0000000702300000, 0x0000000702300000|
|  36|0x0000000702400000, 0x00000007024ffff8, 0x0000000702500000| 99%| O|  |TS  0|AC  0|TAMS 0x0000000702400000, 0x0000000702400000|
|  37|0x0000000702500000, 0x00000007025fb878, 0x0000000702600000| 98%| O|  |TS  0|AC  0|TAMS 0x0000000702500000, 0x0000000702500000|
|  38|0x0000000702600000, 0x0000000702700000, 0x0000000702700000|100%|HS|  |TS  0|AC  0|TAMS 0x0000000702600000, 0x0000000702600000|
|  39|0x0000000702700000, 0x0000000702800000, 0x0000000702800000|100%|HC|  |TS  0|AC  0|TAMS 0x0000000702700000, 0x0000000702700000|
|  40|0x0000000702800000, 0x0000000702900000, 0x0000000702900000|100%|HC|  |TS  0|AC  0|TAMS 0x0000000702800000, 0x0000000702800000|
|  41|0x0000000702900000, 0x0000000702a00000, 0x0000000702a00000|100%|HC|  |TS  0|AC  0|TAMS 0x0000000702900000, 0x0000000702900000|
|  42|0x0000000702a00000, 0x0000000702b00000, 0x0000000702b00000|100%|HC|  |TS  0|AC  0|TAMS 0x0000000702a00000, 0x0000000702a00000|
|  43|0x0000000702b00000, 0x0000000702c00000, 0x0000000702c00000|100%|HC|  |TS  0|AC  0|TAMS 0x0000000702b00000, 0x0000000702b00000|
|  44|0x0000000702c00000, 0x0000000702d00000, 0x0000000702d00000|100%|HC|  |TS  0|AC  0|TAMS 0x0000000702c00000, 0x0000000702c00000|
|  45|0x0000000702d00000, 0x0000000702e00000, 0x0000000702e00000|100%|HC|  |TS  0|AC  0|TAMS 0x0000000702d00000, 0x0000000702d00000|
|  46|0x0000000702e00000, 0x0000000702f00000, 0x0000000702f00000|100%| O|  |TS  0|AC  0|TAMS 0x0000000702e00000, 0x0000000702e00000|
|  47|0x0000000702f00000, 0x0000000702ffce38, 0x0000000703000000| 98%| O|  |TS  0|AC  0|TAMS 0x0000000702f00000, 0x0000000702f00000|
|  48|0x0000000703000000, 0x0000000703100000, 0x0000000703100000|100%|HS|  |TS  0|AC  0|TAMS 0x0000000703000000, 0x0000000703000000|
|  49|0x0000000703100000, 0x00000007031fffd0, 0x0000000703200000| 99%| O|  |TS  0|AC  0|TAMS 0x0000000703100000, 0x0000000703100000|
|  50|0x0000000703200000, 0x000000070320d750, 0x0000000703300000|  5%| O|  |TS  0|AC  0|TAMS 0x0000000703200000, 0x0000000703200000|
|  51|0x0000000703300000, 0x0000000703400000, 0x0000000703400000|100%|HS|  |TS  0|AC  0|TAMS 0x0000000703300000, 0x0000000703300000|
|  52|0x0000000703400000, 0x0000000703500000, 0x0000000703500000|100%| O|  |TS  3|AC  0|TAMS 0x0000000703400000, 0x0000000703400000|
|  53|0x0000000703500000, 0x0000000703600000, 0x0000000703600000|100%| O|  |TS  3|AC  0|TAMS 0x0000000703500000, 0x0000000703500000|
|  54|0x0000000703600000, 0x0000000703700000, 0x0000000703700000|100%| O|  |TS  3|AC  0|TAMS 0x0000000703600000, 0x0000000703600000|
|  55|0x0000000703700000, 0x0000000703778c00, 0x0000000703800000| 47%| O|  |TS  5|AC  0|TAMS 0x0000000703700000, 0x0000000703700000|
|  56|0x0000000703800000, 0x0000000703800000, 0x0000000703900000|  0%| F|  |TS  0|AC  0|TAMS 0x0000000703800000, 0x0000000703800000|
|  57|0x0000000703900000, 0x0000000703900000, 0x0000000703a00000|  0%| F|  |TS  0|AC  0|TAMS 0x0000000703900000, 0x0000000703900000|
|  58|0x0000000703a00000, 0x0000000703a00000, 0x0000000703b00000|  0%| F|  |TS  0|AC  0|TAMS 0x0000000703a00000, 0x0000000703a00000|
|  59|0x0000000703b00000, 0x0000000703b00000, 0x0000000703c00000|  0%| F|  |TS  0|AC  0|TAMS 0x0000000703b00000, 0x0000000703b00000|
|  60|0x0000000703c00000, 0x0000000703c00000, 0x0000000703d00000|  0%| F|  |TS  3|AC  0|TAMS 0x0000000703c00000, 0x0000000703c00000|
|  61|0x0000000703d00000, 0x0000000703d00000, 0x0000000703e00000|  0%| F|  |TS  3|AC  0|TAMS 0x0000000703d00000, 0x0000000703d00000|
|  62|0x0000000703e00000, 0x0000000703eb4bd8, 0x0000000703f00000| 70%| S|CS|TS  5|AC  0|TAMS 0x0000000703e00000, 0x0000000703e00000|
|  63|0x0000000703f00000, 0x0000000704000000, 0x0000000704000000|100%| S|CS|TS  5|AC  0|TAMS 0x0000000703f00000, 0x0000000703f00000|
|  64|0x0000000704000000, 0x0000000704100000, 0x0000000704100000|100%| S|CS|TS  5|AC  0|TAMS 0x0000000704000000, 0x0000000704000000|
|  65|0x0000000704100000, 0x0000000704200000, 0x0000000704200000|100%| S|CS|TS  5|AC  0|TAMS 0x0000000704100000, 0x0000000704100000|
|  66|0x0000000704200000, 0x0000000704300000, 0x0000000704300000|100%| S|CS|TS  5|AC  0|TAMS 0x0000000704200000, 0x0000000704200000|
|  67|0x0000000704300000, 0x0000000704400000, 0x0000000704400000|100%| S|CS|TS  5|AC  0|TAMS 0x0000000704300000, 0x0000000704300000|
|  68|0x0000000704400000, 0x0000000704400000, 0x0000000704500000|  0%| F|  |TS  5|AC  0|TAMS 0x0000000704400000, 0x0000000704400000|
|  69|0x0000000704500000, 0x0000000704500000, 0x0000000704600000|  0%| F|  |TS  5|AC  0|TAMS 0x0000000704500000, 0x0000000704500000|
|  70|0x0000000704600000, 0x0000000704600000, 0x0000000704700000|  0%| F|  |TS  5|AC  0|TAMS 0x0000000704600000, 0x0000000704600000|
|  71|0x0000000704700000, 0x0000000704700000, 0x0000000704800000|  0%| F|  |TS  5|AC  0|TAMS 0x0000000704700000, 0x0000000704700000|
|  72|0x0000000704800000, 0x0000000704800000, 0x0000000704900000|  0%| F|  |TS  5|AC  0|TAMS 0x0000000704800000, 0x0000000704800000|
|  73|0x0000000704900000, 0x0000000704900000, 0x0000000704a00000|  0%| F|  |TS  5|AC  0|TAMS 0x0000000704900000, 0x0000000704900000|
|  74|0x0000000704a00000, 0x0000000704a00000, 0x0000000704b00000|  0%| F|  |TS  5|AC  0|TAMS 0x0000000704a00000, 0x0000000704a00000|
|  75|0x0000000704b00000, 0x0000000704b00000, 0x0000000704c00000|  0%| F|  |TS  5|AC  0|TAMS 0x0000000704b00000, 0x0000000704b00000|
|  76|0x0000000704c00000, 0x0000000704c00000, 0x0000000704d00000|  0%| F|  |TS  5|AC  0|TAMS 0x0000000704c00000, 0x0000000704c00000|
|  77|0x0000000704d00000, 0x0000000704d00000, 0x0000000704e00000|  0%| F|  |TS  5|AC  0|TAMS 0x0000000704d00000, 0x0000000704d00000|
|  78|0x0000000704e00000, 0x0000000704e00000, 0x0000000704f00000|  0%| F|  |TS  5|AC  0|TAMS 0x0000000704e00000, 0x0000000704e00000|
|  79|0x0000000704f00000, 0x0000000704f00000, 0x0000000705000000|  0%| F|  |TS  5|AC  0|TAMS 0x0000000704f00000, 0x0000000704f00000|
|  80|0x0000000705000000, 0x0000000705000000, 0x0000000705100000|  0%| F|  |TS  5|AC  0|TAMS 0x0000000705000000, 0x0000000705000000|
|  81|0x0000000705100000, 0x0000000705100000, 0x0000000705200000|  0%| F|  |TS  5|AC  0|TAMS 0x0000000705100000, 0x0000000705100000|
|  82|0x0000000705200000, 0x0000000705200000, 0x0000000705300000|  0%| F|  |TS  5|AC  0|TAMS 0x0000000705200000, 0x0000000705200000|
|  83|0x0000000705300000, 0x0000000705300000, 0x0000000705400000|  0%| F|  |TS  5|AC  0|TAMS 0x0000000705300000, 0x0000000705300000|
|  84|0x0000000705400000, 0x0000000705400000, 0x0000000705500000|  0%| F|  |TS  5|AC  0|TAMS 0x0000000705400000, 0x0000000705400000|
|  85|0x0000000705500000, 0x0000000705500000, 0x0000000705600000|  0%| F|  |TS  5|AC  0|TAMS 0x0000000705500000, 0x0000000705500000|
|  86|0x0000000705600000, 0x0000000705600000, 0x0000000705700000|  0%| F|  |TS  5|AC  0|TAMS 0x0000000705600000, 0x0000000705600000|
|  87|0x0000000705700000, 0x0000000705700000, 0x0000000705800000|  0%| F|  |TS  5|AC  0|TAMS 0x0000000705700000, 0x0000000705700000|
|  88|0x0000000705800000, 0x0000000705800000, 0x0000000705900000|  0%| F|  |TS  5|AC  0|TAMS 0x0000000705800000, 0x0000000705800000|
|  89|0x0000000705900000, 0x0000000705900000, 0x0000000705a00000|  0%| F|  |TS  5|AC  0|TAMS 0x0000000705900000, 0x0000000705900000|
|  90|0x0000000705a00000, 0x0000000705a00000, 0x0000000705b00000|  0%| F|  |TS  5|AC  0|TAMS 0x0000000705a00000, 0x0000000705a00000|
|  91|0x0000000705b00000, 0x0000000705b00000, 0x0000000705c00000|  0%| F|  |TS  5|AC  0|TAMS 0x0000000705b00000, 0x0000000705b00000|
|  92|0x0000000705c00000, 0x0000000705c00000, 0x0000000705d00000|  0%| F|  |TS  5|AC  0|TAMS 0x0000000705c00000, 0x0000000705c00000|
|  93|0x0000000705d00000, 0x0000000705d00000, 0x0000000705e00000|  0%| F|  |TS  5|AC  0|TAMS 0x0000000705d00000, 0x0000000705d00000|
|  94|0x0000000705e00000, 0x0000000705e00000, 0x0000000705f00000|  0%| F|  |TS  5|AC  0|TAMS 0x0000000705e00000, 0x0000000705e00000|
|  95|0x0000000705f00000, 0x0000000705f00000, 0x0000000706000000|  0%| F|  |TS  5|AC  0|TAMS 0x0000000705f00000, 0x0000000705f00000|
|  96|0x0000000706000000, 0x0000000706000000, 0x0000000706100000|  0%| F|  |TS  5|AC  0|TAMS 0x0000000706000000, 0x0000000706000000|
|  97|0x0000000706100000, 0x0000000706100000, 0x0000000706200000|  0%| F|  |TS  5|AC  0|TAMS 0x0000000706100000, 0x0000000706100000|
|  98|0x0000000706200000, 0x0000000706200000, 0x0000000706300000|  0%| F|  |TS  5|AC  0|TAMS 0x0000000706200000, 0x0000000706200000|
|  99|0x0000000706300000, 0x0000000706300000, 0x0000000706400000|  0%| F|  |TS  5|AC  0|TAMS 0x0000000706300000, 0x0000000706300000|
| 100|0x0000000706400000, 0x0000000706400000, 0x0000000706500000|  0%| F|  |TS  5|AC  0|TAMS 0x0000000706400000, 0x0000000706400000|
| 101|0x0000000706500000, 0x0000000706500000, 0x0000000706600000|  0%| F|  |TS  5|AC  0|TAMS 0x0000000706500000, 0x0000000706500000|
| 102|0x0000000706600000, 0x0000000706600000, 0x0000000706700000|  0%| F|  |TS  5|AC  0|TAMS 0x0000000706600000, 0x0000000706600000|
| 103|0x0000000706700000, 0x0000000706700000, 0x0000000706800000|  0%| F|  |TS  5|AC  0|TAMS 0x0000000706700000, 0x0000000706700000|
| 104|0x0000000706800000, 0x0000000706800000, 0x0000000706900000|  0%| F|  |TS  5|AC  0|TAMS 0x0000000706800000, 0x0000000706800000|
| 105|0x0000000706900000, 0x0000000706900000, 0x0000000706a00000|  0%| F|  |TS  5|AC  0|TAMS 0x0000000706900000, 0x0000000706900000|
| 106|0x0000000706a00000, 0x0000000706a00000, 0x0000000706b00000|  0%| F|  |TS  5|AC  0|TAMS 0x0000000706a00000, 0x0000000706a00000|
| 107|0x0000000706b00000, 0x0000000706b00000, 0x0000000706c00000|  0%| F|  |TS  5|AC  0|TAMS 0x0000000706b00000, 0x0000000706b00000|
| 108|0x0000000706c00000, 0x0000000706c00000, 0x0000000706d00000|  0%| F|  |TS  5|AC  0|TAMS 0x0000000706c00000, 0x0000000706c00000|
| 109|0x0000000706d00000, 0x0000000706d00000, 0x0000000706e00000|  0%| F|  |TS  5|AC  0|TAMS 0x0000000706d00000, 0x0000000706d00000|
| 110|0x0000000706e00000, 0x0000000706e00000, 0x0000000706f00000|  0%| F|  |TS  5|AC  0|TAMS 0x0000000706e00000, 0x0000000706e00000|
| 111|0x0000000706f00000, 0x0000000706f00000, 0x0000000707000000|  0%| F|  |TS  5|AC  0|TAMS 0x0000000706f00000, 0x0000000706f00000|
| 112|0x0000000707000000, 0x0000000707087378, 0x0000000707100000| 52%| E|  |TS  5|AC  0|TAMS 0x0000000707000000, 0x0000000707000000|
| 113|0x0000000707100000, 0x0000000707200000, 0x0000000707200000|100%| E|CS|TS  5|AC  0|TAMS 0x0000000707100000, 0x0000000707100000|
| 114|0x0000000707200000, 0x0000000707300000, 0x0000000707300000|100%| E|CS|TS  5|AC  0|TAMS 0x0000000707200000, 0x0000000707200000|
| 115|0x0000000707300000, 0x0000000707400000, 0x0000000707400000|100%| E|CS|TS  5|AC  0|TAMS 0x0000000707300000, 0x0000000707300000|
| 116|0x0000000707400000, 0x0000000707500000, 0x0000000707500000|100%| E|CS|TS  5|AC  0|TAMS 0x0000000707400000, 0x0000000707400000|
| 117|0x0000000707500000, 0x0000000707600000, 0x0000000707600000|100%| E|CS|TS  5|AC  0|TAMS 0x0000000707500000, 0x0000000707500000|
| 118|0x0000000707600000, 0x0000000707700000, 0x0000000707700000|100%| E|CS|TS  5|AC  0|TAMS 0x0000000707600000, 0x0000000707600000|
| 119|0x0000000707700000, 0x0000000707800000, 0x0000000707800000|100%| E|CS|TS  5|AC  0|TAMS 0x0000000707700000, 0x0000000707700000|
| 120|0x0000000707800000, 0x0000000707900000, 0x0000000707900000|100%| E|CS|TS  5|AC  0|TAMS 0x0000000707800000, 0x0000000707800000|
| 121|0x0000000707900000, 0x0000000707a00000, 0x0000000707a00000|100%| E|CS|TS  5|AC  0|TAMS 0x0000000707900000, 0x0000000707900000|
| 122|0x0000000707a00000, 0x0000000707b00000, 0x0000000707b00000|100%| E|CS|TS  5|AC  0|TAMS 0x0000000707a00000, 0x0000000707a00000|
| 123|0x0000000707b00000, 0x0000000707c00000, 0x0000000707c00000|100%| E|CS|TS  5|AC  0|TAMS 0x0000000707b00000, 0x0000000707b00000|
| 124|0x0000000707c00000, 0x0000000707d00000, 0x0000000707d00000|100%| E|CS|TS  5|AC  0|TAMS 0x0000000707c00000, 0x0000000707c00000|
| 125|0x0000000707d00000, 0x0000000707e00000, 0x0000000707e00000|100%| E|CS|TS  5|AC  0|TAMS 0x0000000707d00000, 0x0000000707d00000|
| 126|0x0000000707e00000, 0x0000000707f00000, 0x0000000707f00000|100%| E|CS|TS  5|AC  0|TAMS 0x0000000707e00000, 0x0000000707e00000|
| 127|0x0000000707f00000, 0x0000000708000000, 0x0000000708000000|100%| E|CS|TS  5|AC  0|TAMS 0x0000000707f00000, 0x0000000707f00000|

Card table byte_map: [0x0000022396a60000,0x0000022397060000] byte_map_base: 0x0000022393260000

Marking Bits (Prev, Next): (CMBitMap*) 0x00000223936c3120, (CMBitMap*) 0x00000223936c3158
 Prev Bits: [0x00000223ae370000, 0x00000223b1370000)
 Next Bits: [0x00000223b1370000, 0x00000223b4370000)

Polling page: 0x000002238e340000

CodeHeap 'non-profiled nmethods': size=120000Kb used=7270Kb max_used=7270Kb free=112729Kb
 bounds [0x00000223a6840000, 0x00000223a6f60000, 0x00000223add70000]
CodeHeap 'profiled nmethods': size=120000Kb used=25470Kb max_used=25470Kb free=94529Kb
 bounds [0x000002239f310000, 0x00000223a0c00000, 0x00000223a6840000]
CodeHeap 'non-nmethods': size=5760Kb used=1646Kb max_used=1754Kb free=4113Kb
 bounds [0x000002239ed70000, 0x000002239efe0000, 0x000002239f310000]
 total_blobs=14451 nmethods=9665 adapters=918
 compilation: enabled

Compilation events (10 events):
Event: 36.896 Thread 0x0000022393334000 10405       3       java.util.concurrent.locks.AbstractQueuedSynchronizer$ConditionObject::await (98 bytes)
Event: 36.900 Thread 0x0000022393334000 nmethod 10405 0x00000223a0bf5e10 code [0x00000223a0bf6140, 0x00000223a0bf76a0]
Event: 36.900 Thread 0x0000022393334000 10404   !   3       sun.awt.AWTAutoShutdown::notifyThreadFree (74 bytes)
Event: 36.901 Thread 0x0000022393334000 nmethod 10404 0x00000223a0bf7d90 code [0x00000223a0bf7f80, 0x00000223a0bf8690]
Event: 37.317 Thread 0x00000223938fa800 10406 %     4       java.util.IdentityHashMap::clear @ 17 (39 bytes)
Event: 37.324 Thread 0x00000223938fa800 nmethod 10406% 0x00000223a6f59510 code [0x00000223a6f596a0, 0x00000223a6f59818]
Event: 37.504 Thread 0x0000022393334000 10407       3       java.awt.LightweightDispatcher::retargetMouseEnterExit (79 bytes)
Event: 37.506 Thread 0x0000022393334000 nmethod 10407 0x00000223a0bf8910 code [0x00000223a0bf8b00, 0x00000223a0bf90e0]
Event: 37.506 Thread 0x0000022393334000 10408       3       java.awt.LightweightDispatcher::isMouseGrab (49 bytes)
Event: 37.507 Thread 0x0000022393334000 nmethod 10408 0x00000223a0bf9290 code [0x00000223a0bf94a0, 0x00000223a0bf9cd0]

GC Heap History (10 events):
Event: 21.288 GC heap before
{Heap before GC invocations=12 (full 0):
 garbage-first heap   total 131072K, used 67008K [0x0000000700000000, 0x0000000700100400, 0x00000007c0000000)
  region size 1024K, 6 young (6144K), 2 survivors (2048K)
 Metaspace       used 48862K, capacity 51026K, committed 51200K, reserved 1093632K
  class space    used 6435K, capacity 6861K, committed 6912K, reserved 1048576K
}
Event: 21.294 GC heap after
{Heap after GC invocations=13 (full 0):
 garbage-first heap   total 131072K, used 58422K [0x0000000700000000, 0x0000000700100400, 0x00000007c0000000)
  region size 1024K, 3 young (3072K), 3 survivors (3072K)
 Metaspace       used 48862K, capacity 51026K, committed 51200K, reserved 1093632K
  class space    used 6435K, capacity 6861K, committed 6912K, reserved 1048576K
}
Event: 24.572 GC heap before
{Heap before GC invocations=14 (full 0):
 garbage-first heap   total 131072K, used 75830K [0x0000000700000000, 0x0000000700100400, 0x00000007c0000000)
  region size 1024K, 20 young (20480K), 3 survivors (3072K)
 Metaspace       used 51729K, capacity 54370K, committed 54400K, reserved 1095680K
  class space    used 6788K, capacity 7287K, committed 7296K, reserved 1048576K
}
Event: 24.772 GC heap after
{Heap after GC invocations=15 (full 1):
 garbage-first heap   total 131072K, used 52021K [0x0000000700000000, 0x0000000700100400, 0x00000007c0000000)
  region size 1024K, 0 young (0K), 0 survivors (0K)
 Metaspace       used 51729K, capacity 54370K, committed 54400K, reserved 1095680K
  class space    used 6788K, capacity 7287K, committed 7296K, reserved 1048576K
}
Event: 28.387 GC heap before
{Heap before GC invocations=15 (full 1):
 garbage-first heap   total 131072K, used 114485K [0x0000000700000000, 0x0000000700100400, 0x00000007c0000000)
  region size 1024K, 60 young (61440K), 0 survivors (0K)
 Metaspace       used 59879K, capacity 62712K, committed 62976K, reserved 1103872K
  class space    used 8325K, capacity 8844K, committed 8960K, reserved 1048576K
}
Event: 28.398 GC heap after
{Heap after GC invocations=16 (full 1):
 garbage-first heap   total 131072K, used 60605K [0x0000000700000000, 0x0000000700100400, 0x00000007c0000000)
  region size 1024K, 8 young (8192K), 8 survivors (8192K)
 Metaspace       used 59879K, capacity 62712K, committed 62976K, reserved 1103872K
  class space    used 8325K, capacity 8844K, committed 8960K, reserved 1048576K
}
Event: 30.294 GC heap before
{Heap before GC invocations=16 (full 1):
 garbage-first heap   total 131072K, used 113853K [0x0000000700000000, 0x0000000700100400, 0x00000007c0000000)
  region size 1024K, 60 young (61440K), 8 survivors (8192K)
 Metaspace       used 61450K, capacity 64546K, committed 64640K, reserved 1105920K
  class space    used 8506K, capacity 9067K, committed 9088K, reserved 1048576K
}
Event: 30.308 GC heap after
{Heap after GC invocations=17 (full 1):
 garbage-first heap   total 131072K, used 60201K [0x0000000700000000, 0x0000000700100400, 0x00000007c0000000)
  region size 1024K, 5 young (5120K), 5 survivors (5120K)
 Metaspace       used 61450K, capacity 64546K, committed 64640K, reserved 1105920K
  class space    used 8506K, capacity 9067K, committed 9088K, reserved 1048576K
}
Event: 34.623 GC heap before
{Heap before GC invocations=17 (full 1):
 garbage-first heap   total 131072K, used 116521K [0x0000000700000000, 0x0000000700100400, 0x00000007c0000000)
  region size 1024K, 60 young (61440K), 5 survivors (5120K)
 Metaspace       used 63354K, capacity 66522K, committed 66688K, reserved 1105920K
  class space    used 8743K, capacity 9325K, committed 9344K, reserved 1048576K
}
Event: 34.635 GC heap after
{Heap after GC invocations=18 (full 1):
 garbage-first heap   total 131072K, used 61419K [0x0000000700000000, 0x0000000700100400, 0x00000007c0000000)
  region size 1024K, 6 young (6144K), 6 survivors (6144K)
 Metaspace       used 63354K, capacity 66522K, committed 66688K, reserved 1105920K
  class space    used 8743K, capacity 9325K, committed 9344K, reserved 1048576K
}

Deoptimization events (10 events):
Event: 34.518 Thread 0x0000022393ec6800 Uncommon trap: reason=unstable_if action=reinterpret pc=0x00000223a6dd0a28 method=java.util.regex.Pattern.lambda$DOT$5(I)Z @ 3 c2
Event: 34.536 Thread 0x0000022393ec6800 Uncommon trap: reason=bimorphic_or_optimized_type_check action=maybe_recompile pc=0x00000223a6eda4a8 method=javax.swing.text.GlyphPainter1.sync(Ljavax/swing/text/GlyphView;)V @ 1 c2
Event: 34.537 Thread 0x0000022393ec6800 Uncommon trap: reason=bimorphic_or_optimized_type_check action=maybe_recompile pc=0x00000223a6eda4a8 method=javax.swing.text.GlyphPainter1.sync(Ljavax/swing/text/GlyphView;)V @ 1 c2
Event: 34.537 Thread 0x0000022393ec6800 Uncommon trap: reason=bimorphic_or_optimized_type_check action=maybe_recompile pc=0x00000223a6eda4a8 method=javax.swing.text.GlyphPainter1.sync(Ljavax/swing/text/GlyphView;)V @ 1 c2
Event: 34.537 Thread 0x0000022393ec6800 Uncommon trap: reason=bimorphic_or_optimized_type_check action=maybe_recompile pc=0x00000223a6eda4a8 method=javax.swing.text.GlyphPainter1.sync(Ljavax/swing/text/GlyphView;)V @ 1 c2
Event: 34.541 Thread 0x0000022393ec6800 Uncommon trap: reason=unstable_if action=reinterpret pc=0x00000223a6ba1db8 method=java.awt.Component.numListening(J)I @ 49 c2
Event: 34.561 Thread 0x0000022393ec6800 Uncommon trap: reason=unstable_if action=reinterpret pc=0x00000223a6e57c24 method=sun.font.FontStrikeDesc.equals(Ljava/lang/Object;)Z @ 27 c2
Event: 34.658 Thread 0x0000022393ec6800 Uncommon trap: reason=unstable_if action=reinterpret pc=0x00000223a6f36700 method=com.sun.org.apache.xml.internal.serializer.dom3.DOM3TreeWalker.isWFXMLChar(Ljava/lang/String;)Ljava/lang/Character; @ 8 c2
Event: 34.665 Thread 0x0000022393ec6800 Uncommon trap: reason=unstable_if action=reinterpret pc=0x00000223a6f290b4 method=java.awt.EventQueue.getPriority(Ljava/awt/AWTEvent;)I @ 71 c2
Event: 37.562 Thread 0x0000022393ec6800 Uncommon trap: reason=class_check action=maybe_recompile pc=0x00000223a6de49a4 method=java.awt.KeyboardFocusManager.clearMostRecentFocusOwner(Ljava/awt/Component;)V @ 67 c2

Classes redefined (0 events):
No events

Internal exceptions (10 events):
Event: 28.173 Thread 0x00000223b9cd7000 Exception <a 'java/lang/InterruptedException'{0x00000007052996e0}: sleep interrupted> (0x00000007052996e0) thrown at [t:/workspace/hotspot/src/share/vm/prims/jvm.cpp, line 2984]
Event: 28.278 Thread 0x0000022393ec6800 Implicit null exception at 0x00000223a6dde1ec to 0x00000223a6dde3a9
Event: 28.951 Thread 0x0000022393ec6800 Implicit null exception at 0x00000223a6e130a5 to 0x00000223a6e137e9
Event: 29.490 Thread 0x0000022393ec6800 Exception <a 'java/lang/NoSuchMethodError'{0x0000000706bee228}: java.lang.invoke.DirectMethodHandle$Holder.invokeSpecial(Ljava/lang/Object;Ljava/lang/Object;IIILjava/lang/Object;Ljava/lang/Object;ILjava/lang/Object;Ljava/lang/Object;)Ljava/lang/Object;> (
Event: 29.490 Thread 0x0000022393ec6800 Exception <a 'java/lang/NoSuchMethodError'{0x0000000706bf1ed8}: java.lang.invoke.DelegatingMethodHandle$Holder.reinvoke_L(Ljava/lang/Object;IIILjava/lang/Object;Ljava/lang/Object;ILjava/lang/Object;Ljava/lang/Object;)Ljava/lang/Object;> (0x0000000706bf1ed
Event: 29.494 Thread 0x0000022393ec6800 Exception <a 'java/lang/NoSuchMethodError'{0x0000000706a38dc8}: method resolution failed> (0x0000000706a38dc8) thrown at [t:/workspace/hotspot/src/share/vm/prims/methodHandles.cpp, line 1256]
Event: 31.934 Thread 0x0000022393ec6800 Exception <a 'java/lang/NoSuchMethodError'{0x0000000705f91810}: method resolution failed> (0x0000000705f91810) thrown at [t:/workspace/hotspot/src/share/vm/prims/methodHandles.cpp, line 1256]
Event: 31.935 Thread 0x0000022393ec6800 Exception <a 'java/lang/NoSuchMethodError'{0x0000000705f94d38}: java.lang.invoke.DelegatingMethodHandle$Holder.reinvoke_L(Ljava/lang/Object;ILjava/lang/Object;I)Ljava/lang/Object;> (0x0000000705f94d38) thrown at [t:/workspace/hotspot/src/share/vm/interpre
Event: 32.800 Thread 0x00000223b9cd6800 Exception <a 'java/lang/NoSuchMethodError'{0x0000000705b9e198}: method resolution failed> (0x0000000705b9e198) thrown at [t:/workspace/hotspot/src/share/vm/prims/methodHandles.cpp, line 1256]
Event: 32.801 Thread 0x00000223b9cd6800 Exception <a 'java/lang/NoSuchMethodError'{0x0000000705ba3860}: java.lang.invoke.DirectMethodHandle$Holder.invokeStatic(Ljava/lang/Object;J)Ljava/lang/Object;> (0x0000000705ba3860) thrown at [t:/workspace/hotspot/src/share/vm/interpreter/linkResolver.cpp,

Events (10 events):
Event: 36.698 Executing VM operation: RevokeBias
Event: 36.698 Executing VM operation: RevokeBias done
Event: 36.698 Thread 0x00000223b9cd8000 Thread exited: 0x00000223b9cd8000
Event: 36.699 Executing VM operation: RevokeBias
Event: 36.699 Executing VM operation: RevokeBias done
Event: 37.505 loading class sun/invoke/util/VerifyAccess$1
Event: 37.513 loading class sun/invoke/util/VerifyAccess$1 done
Event: 37.562 Thread 0x0000022393ec6800 Uncommon trap: trap_request=0xffffffde fr.pc=0x00000223a6de49a4 relative=0x0000000000000604
Event: 37.562 Thread 0x0000022393ec6800 DEOPT PACKING pc=0x00000223a6de49a4 sp=0x000000470f9fa5b0
Event: 37.562 Thread 0x0000022393ec6800 DEOPT UNPACKING pc=0x000002239edbdf29 sp=0x000000470f9fa568 mode 2


Dynamic libraries:
0x00007ff633e20000 - 0x00007ff633e50000 	D:\Xilinx\Vivado\2018.3\bin\unwrapped\win64.o\vivado.exe
0x00007fffc8dc0000 - 0x00007fffc8fb0000 	C:\WINDOWS\SYSTEM32\ntdll.dll
0x00007fffc8240000 - 0x00007fffc82f2000 	C:\WINDOWS\System32\KERNEL32.DLL
0x00007fffc5f00000 - 0x00007fffc61a3000 	C:\WINDOWS\System32\KERNELBASE.dll
0x00007fffc61e0000 - 0x00007fffc62da000 	C:\WINDOWS\System32\ucrtbase.dll
0x00007fffbfcd0000 - 0x00007fffbfd6b000 	C:\WINDOWS\SYSTEM32\MSVCP140.dll
0x00007fffbfd70000 - 0x00007fffbfd86000 	C:\WINDOWS\SYSTEM32\VCRUNTIME140.dll
0x00007fffb34e0000 - 0x00007fffb34f4000 	D:\Xilinx\Vivado\2018.3\lib\win64.o\libboost_signals.dll
0x00007fffb43a0000 - 0x00007fffb43b4000 	D:\Xilinx\Vivado\2018.3\lib\win64.o\librdi_commonmain.dll
0x00007fff75ab0000 - 0x00007fff76944000 	D:\Xilinx\Vivado\2018.3\lib\win64.o\librdi_common.dll
0x00007fffc78b0000 - 0x00007fffc7a44000 	C:\WINDOWS\System32\USER32.dll
0x00007fffc61b0000 - 0x00007fffc61d1000 	C:\WINDOWS\System32\win32u.dll
0x00007fffc7250000 - 0x00007fffc7276000 	C:\WINDOWS\System32\GDI32.dll
0x00007fffc6330000 - 0x00007fffc64c4000 	C:\WINDOWS\System32\gdi32full.dll
0x00007fffc6c80000 - 0x00007fffc6d1e000 	C:\WINDOWS\System32\msvcp_win.dll
0x00007fffc8310000 - 0x00007fffc83b3000 	C:\WINDOWS\System32\ADVAPI32.dll
0x00007fffc76f0000 - 0x00007fffc778e000 	C:\WINDOWS\System32\msvcrt.dll
0x00007fffc6f50000 - 0x00007fffc6fe7000 	C:\WINDOWS\System32\sechost.dll
0x00007fffc7790000 - 0x00007fffc78b0000 	C:\WINDOWS\System32\RPCRT4.dll
0x00007fffc83c0000 - 0x00007fffc8aa5000 	C:\WINDOWS\System32\SHELL32.dll
0x00007fffc62e0000 - 0x00007fffc632a000 	C:\WINDOWS\System32\cfgmgr32.dll
0x00007fffa2ec0000 - 0x00007fffa2ee6000 	D:\Xilinx\Vivado\2018.3\lib\win64.o\libboost_filesystem.dll
0x00007fffc7fb0000 - 0x00007fffc8059000 	C:\WINDOWS\System32\shcore.dll
0x00007fffb4380000 - 0x00007fffb438a000 	D:\Xilinx\Vivado\2018.3\lib\win64.o\librdi_commonversion.dll
0x00007fffc7c70000 - 0x00007fffc7fa6000 	C:\WINDOWS\System32\combase.dll
0x00007fffc5db0000 - 0x00007fffc5e30000 	C:\WINDOWS\System32\bcryptPrimitives.dll
0x00007fffc6500000 - 0x00007fffc6c80000 	C:\WINDOWS\System32\windows.storage.dll
0x00007fffc5d20000 - 0x00007fffc5d43000 	C:\WINDOWS\System32\profapi.dll
0x00007fff9d500000 - 0x00007fff9d621000 	D:\Xilinx\Vivado\2018.3\lib\win64.o\librdi_commonxillic.dll
0x00007fffc5cb0000 - 0x00007fffc5cfa000 	C:\WINDOWS\System32\powrprof.dll
0x00007fffc5c80000 - 0x00007fffc5c90000 	C:\WINDOWS\System32\UMPDC.dll
0x00007fffc70e0000 - 0x00007fffc7132000 	C:\WINDOWS\System32\shlwapi.dll
0x000000005c430000 - 0x000000005c55b000 	D:\Xilinx\Vivado\2018.3\lib\win64.o\tcl85t.dll
0x00007fff7e0b0000 - 0x00007fff7e41e000 	D:\Xilinx\Vivado\2018.3\lib\win64.o\libCOIN-all.dll
0x00007fffc7b30000 - 0x00007fffc7b9f000 	C:\WINDOWS\System32\WS2_32.dll
0x00007fffc5c90000 - 0x00007fffc5ca1000 	C:\WINDOWS\System32\kernel.appcore.dll
0x00007fffc5e30000 - 0x00007fffc5e47000 	C:\WINDOWS\System32\cryptsp.dll
0x00007fff90290000 - 0x00007fff90545000 	D:\Xilinx\Vivado\2018.3\lib\win64.o\libXil_lmgr11.dll
0x00007fffc7ba0000 - 0x00007fffc7c70000 	C:\WINDOWS\System32\COMDLG32.dll
0x00007fffb2f50000 - 0x00007fffb2f64000 	D:\Xilinx\Vivado\2018.3\lib\win64.o\libboost_date_time.dll
0x00007fffc7a50000 - 0x00007fffc7b14000 	C:\WINDOWS\System32\OLEAUT32.dll
0x00007fffc8ab0000 - 0x00007fffc8c07000 	C:\WINDOWS\System32\ole32.dll
0x00007fffc5d50000 - 0x00007fffc5dac000 	C:\WINDOWS\System32\WINTRUST.dll
0x00007fffc5d00000 - 0x00007fffc5d12000 	C:\WINDOWS\System32\MSASN1.dll
0x00007fff9c760000 - 0x00007fff9c7df000 	D:\Xilinx\Vivado\2018.3\lib\win64.o\libboost_program_options.dll
0x00007fffc6d20000 - 0x00007fffc6e69000 	C:\WINDOWS\System32\CRYPT32.dll
0x00007fff9bf60000 - 0x00007fff9c074000 	D:\Xilinx\Vivado\2018.3\lib\win64.o\libboost_regex.dll
0x00007fffb4110000 - 0x00007fffb411b000 	D:\Xilinx\Vivado\2018.3\lib\win64.o\libboost_system.dll
0x00007fff9c900000 - 0x00007fff9c921000 	D:\Xilinx\Vivado\2018.3\lib\win64.o\libboost_thread.dll
0x00007fff9bed0000 - 0x00007fff9bf52000 	D:\Xilinx\Vivado\2018.3\lib\win64.o\libhdlpsolve.dll
0x00007fffb4020000 - 0x00007fffb402f000 	D:\Xilinx\Vivado\2018.3\lib\win64.o\libboost_xilinx.dll
0x00007fff9be20000 - 0x00007fff9bec5000 	D:\Xilinx\Vivado\2018.3\lib\win64.o\libhdxml.dll
0x00007fff75260000 - 0x00007fff75aae600 	D:\Xilinx\Vivado\2018.3\lib\win64.o\libisl_iostreams.dll
0x00007fff9c730000 - 0x00007fff9c75e000 	D:\Xilinx\Vivado\2018.3\lib\win64.o\libisl_sysinfo.dll
0x00007fff9bb40000 - 0x00007fff9bba5000 	D:\Xilinx\Vivado\2018.3\lib\win64.o\liblmx6.0.dll
0x00007fffa7850000 - 0x00007fffa786a000 	D:\Xilinx\Vivado\2018.3\lib\win64.o\pthreadVC2.dll
0x00007fffa7800000 - 0x00007fffa781c000 	D:\Xilinx\Vivado\2018.3\lib\win64.o\librdiconfig.dll
0x00007fff9c700000 - 0x00007fff9c721000 	D:\Xilinx\Vivado\2018.3\lib\win64.o\librdizlib.dll
0x0000000012000000 - 0x0000000012272000 	D:\Xilinx\Vivado\2018.3\lib\win64.o\xerces-c_3_1.dll
0x00007fffb03c0000 - 0x00007fffb03d7000 	C:\WINDOWS\SYSTEM32\NETAPI32.dll
0x00007fffafee0000 - 0x00007fffb03b5000 	C:\WINDOWS\SYSTEM32\WININET.dll
0x00007fffc1de0000 - 0x00007fffc1ed1000 	C:\WINDOWS\SYSTEM32\WINHTTP.dll
0x00007fffb60d0000 - 0x00007fffb62a5000 	C:\WINDOWS\SYSTEM32\urlmon.dll
0x00007fff743c0000 - 0x00007fff75251000 	D:\Xilinx\Vivado\2018.3\lib\win64.o\gurobi65.dll
0x00007fff9bb10000 - 0x00007fff9bb37000 	C:\WINDOWS\SYSTEM32\VCOMP140.DLL
0x00007fffb0cb0000 - 0x00007fffb0cb9000 	C:\WINDOWS\SYSTEM32\WSOCK32.dll
0x00007fffb4510000 - 0x00007fffb45b9000 	C:\WINDOWS\WinSxS\amd64_microsoft.windows.common-controls_6595b64144ccf1df_5.82.18362.720_none_2a258974466b9fae\COMCTL32.dll
0x00007fffb9060000 - 0x00007fffb907c000 	C:\WINDOWS\SYSTEM32\dhcpcsvc.DLL
0x00007fffc8080000 - 0x00007fffc8088000 	C:\WINDOWS\System32\NSI.dll
0x00007fffb6c00000 - 0x00007fffb6ea6000 	C:\WINDOWS\SYSTEM32\iertutil.dll
0x00007fff9bae0000 - 0x00007fff9bb05000 	D:\Xilinx\Vivado\2018.3\lib\win64.o\libisl_iosutils.dll
0x00007fffb34d0000 - 0x00007fffb34dd000 	D:\Xilinx\Vivado\2018.3\lib\win64.o\libboost_chrono.dll
0x00007fffa22b0000 - 0x00007fffa22cb000 	D:\Xilinx\Vivado\2018.3\lib\win64.o\libboost_iostreams.dll
0x00007fffc5310000 - 0x00007fffc531c000 	C:\WINDOWS\SYSTEM32\NETUTILS.DLL
0x00007fffc56c0000 - 0x00007fffc56cc000 	C:\WINDOWS\SYSTEM32\CRYPTBASE.DLL
0x00007fffc8d50000 - 0x00007fffc8d7e000 	C:\WINDOWS\System32\IMM32.DLL
0x00007fff796f0000 - 0x00007fff79be5000 	D:\Xilinx\Vivado\2018.3\lib\win64.o\librdi_commontasks.dll
0x00007fffbe4a0000 - 0x00007fffbe4aa000 	C:\WINDOWS\SYSTEM32\VERSION.dll
0x000000005aef0000 - 0x000000005b915000 	D:\Xilinx\Vivado\2018.3\tps\win64\jre9.0.4\bin\server\jvm.dll
0x00007fff74140000 - 0x00007fff743bf000 	D:\Xilinx\Vivado\2018.3\lib\win64.o\librdi_sio.dll
0x00007fffc8300000 - 0x00007fffc8308000 	C:\WINDOWS\System32\PSAPI.DLL
0x00007fffc2300000 - 0x00007fffc2324000 	C:\WINDOWS\SYSTEM32\WINMM.dll
0x00007fffc5200000 - 0x00007fffc523a000 	C:\WINDOWS\SYSTEM32\IPHLPAPI.DLL
0x00007fff93de0000 - 0x00007fff93ecf000 	C:\WINDOWS\SYSTEM32\MSVCR120.dll
0x00007fffc54f0000 - 0x00007fffc5557000 	C:\WINDOWS\SYSTEM32\MSWSOCK.DLL
0x00007fffc22d0000 - 0x00007fffc22fd000 	C:\WINDOWS\SYSTEM32\WINMMBASE.dll
0x00007fff71d70000 - 0x00007fff74132000 	D:\Xilinx\Vivado\2018.3\lib\win64.o\librdi_tcltasks.dll
0x00007fff97130000 - 0x00007fff9719a000 	D:\Xilinx\Vivado\2018.3\lib\win64.o\librdi_boarddep.dll
0x00007fff8fa80000 - 0x00007fff8fbfe000 	D:\Xilinx\Vivado\2018.3\lib\win64.o\librdi_board.dll
0x00007fff71990000 - 0x00007fff71d6c000 	D:\Xilinx\Vivado\2018.3\lib\win64.o\librdi_bitstream.dll
0x00007fff93d00000 - 0x00007fff93ddc000 	D:\Xilinx\Vivado\2018.3\lib\win64.o\librdi_chipscope.dll
0x00007fff82bb0000 - 0x00007fff82d69000 	D:\Xilinx\Vivado\2018.3\lib\win64.o\librdi_chipscopeimpl.dll
0x00007fff6db30000 - 0x00007fff6f435000 	D:\Xilinx\Vivado\2018.3\lib\win64.o\librdi_constraints.dll
0x00007fff7eee0000 - 0x00007fff7f028000 	D:\Xilinx\Vivado\2018.3\lib\win64.o\librdi_containers.dll
0x00007fff6bd10000 - 0x00007fff6db2f000 	D:\Xilinx\Vivado\2018.3\lib\win64.o\librdi_coregen.dll
0x00007fff712b0000 - 0x00007fff7198a000 	D:\Xilinx\Vivado\2018.3\lib\win64.o\librdi_coregenipxact.dll
0x00007fff67f10000 - 0x00007fff6bd0b000 	D:\Xilinx\Vivado\2018.3\lib\win64.o\librdi_designutils.dll
0x00007fff571b0000 - 0x00007fff67f02000 	D:\Xilinx\Vivado\2018.3\lib\win64.o\librdi_device.dll
0x00007fff70f90000 - 0x00007fff712ab000 	D:\Xilinx\Vivado\2018.3\lib\win64.o\librdi_dlyest.dll
0x00007fff70a30000 - 0x00007fff70f90000 	D:\Xilinx\Vivado\2018.3\lib\win64.o\librdi_drc.dll
0x00007fff91730000 - 0x00007fff917f2000 	D:\Xilinx\Vivado\2018.3\lib\win64.o\librdi_dsp.dll
0x00007fff703f0000 - 0x00007fff70a2f000 	D:\Xilinx\Vivado\2018.3\lib\win64.o\librdi_filemgmt.dll
0x00007fff6f760000 - 0x00007fff6fa3a000 	D:\Xilinx\Vivado\2018.3\lib\win64.o\librdi_guitools.dll
0x00007fff97ef0000 - 0x00007fff97f4d000 	D:\Xilinx\Vivado\2018.3\lib\win64.o\librdi_hdf.dll
0x00007fff55e10000 - 0x00007fff571a1000 	D:\Xilinx\Vivado\2018.3\lib\win64.o\librdi_implflow.dll
0x00007fff557f0000 - 0x00007fff55e05000 	D:\Xilinx\Vivado\2018.3\lib\win64.o\librdi_memdata.dll
0x00007fff891a0000 - 0x00007fff89211000 	D:\Xilinx\Vivado\2018.3\lib\win64.o\librdi_memoryarray.dll
0x00007fff51e40000 - 0x00007fff557ec000 	D:\Xilinx\Vivado\2018.3\lib\win64.o\librdi_mig.dll
0x00007fff51800000 - 0x00007fff51e3b000 	D:\Xilinx\Vivado\2018.3\lib\win64.o\librdi_netlist.dll
0x00007fff96ff0000 - 0x00007fff97040000 	D:\Xilinx\Vivado\2018.3\lib\win64.o\librdi_pfi.dll
0x00007fff4f2e0000 - 0x00007fff517f4000 	D:\Xilinx\Vivado\2018.3\lib\win64.o\librdi_place.dll
0x00007fff4efd0000 - 0x00007fff4f2d7000 	D:\Xilinx\Vivado\2018.3\lib\win64.o\librdi_platform.dll
0x00007fff4e8d0000 - 0x00007fff4efc5000 	D:\Xilinx\Vivado\2018.3\lib\win64.o\librdi_power.dll
0x00007fff4e370000 - 0x00007fff4e8c6000 	D:\Xilinx\Vivado\2018.3\lib\win64.o\librdi_project.dll
0x00007fff4dc70000 - 0x00007fff4e363000 	D:\Xilinx\Vivado\2018.3\lib\win64.o\librdi_psta.dll
0x00007fff4d1b0000 - 0x00007fff4d889000 	D:\Xilinx\Vivado\2018.3\lib\win64.o\librdi_rsb.dll
0x00007fff4d890000 - 0x00007fff4dc67000 	D:\Xilinx\Vivado\2018.3\lib\win64.o\librdi_runs.dll
0x00007fff7f450000 - 0x00007fff7f528000 	D:\Xilinx\Vivado\2018.3\lib\win64.o\librdi_runsbase.dll
0x00007fff4cf80000 - 0x00007fff4d1a8000 	D:\Xilinx\Vivado\2018.3\lib\win64.o\librdi_simdata.dll
0x00007fff93cb0000 - 0x00007fff93cfc000 	D:\Xilinx\Vivado\2018.3\lib\win64.o\libboost_serialization.dll
0x00007fff4c1f0000 - 0x00007fff4cf7d000 	D:\Xilinx\Vivado\2018.3\lib\win64.o\librdi_timing.dll
0x00007fff7df50000 - 0x00007fff7e0a4000 	D:\Xilinx\Vivado\2018.3\lib\win64.o\librdi_advchipscopeimpl.dll
0x00007fff79630000 - 0x00007fff796e8000 	D:\Xilinx\Vivado\2018.3\lib\win64.o\librdi_hip_devdesign.dll
0x00007fff4b6a0000 - 0x00007fff4c1e7000 	D:\Xilinx\Vivado\2018.3\lib\win64.o\libverific.dll
0x00007fff82a20000 - 0x00007fff82acb000 	D:\Xilinx\Vivado\2018.3\lib\win64.o\librdi_ipconfig_readwrite.dll
0x00007fff92290000 - 0x00007fff922c8000 	D:\Xilinx\Vivado\2018.3\lib\win64.o\librdi_noc_frameworks.dll
0x00007fff4b2e0000 - 0x00007fff4b695000 	D:\Xilinx\Vivado\2018.3\lib\win64.o\librdi_hip_config.dll
0x00007fff4ad90000 - 0x00007fff4b2de000 	D:\Xilinx\Vivado\2018.3\lib\win64.o\librdi_xdm.dll

VM Arguments:
jvm_args: -Dsun.java2d.pmoffscreen=false -Dsun.java2d.xrender=false -Dsun.java2d.d3d=false -Dsun.awt.nopixfmt=true -Dsun.java2d.dpiaware=true -Dsun.java2d.uiScale.enabled=false -Xverify:none -Dswing.aatext=true -XX:-UsePerfData -Djdk.map.althashing.threshold=512 -XX:StringTableSize=4072 --add-opens=java.base/java.nio=ALL-UNNAMED --add-opens=java.desktop/sun.swing=ALL-UNNAMED --add-opens=java.desktop/javax.swing=ALL-UNNAMED --add-opens=java.desktop/javax.swing.tree=ALL-UNNAMED --add-opens=java.desktop/javax.swing.plaf.basic=ALL-UNNAMED --add-opens=java.desktop/javax.swing.plaf.synth=ALL-UNNAMED --add-opens=java.desktop/com.sun.awt=ALL-UNNAMED -XX:NewSize=60m -XX:MaxNewSize=60m -Xms128m -Xmx3072m -Xss5m 
java_command: <unknown>
java_class_path (initial): D:/Xilinx/Vivado/2018.3\lib\classes\alloy.jar;D:/Xilinx/Vivado/2018.3\lib\classes\autopilot.scelaborator.jar;D:/Xilinx/Vivado/2018.3\lib\classes\autopilot.sourceprocessor.jar;D:/Xilinx/Vivado/2018.3\lib\classes\autopilot.tbprocessor.jar;D:/Xilinx/Vivado/2018.3\lib\classes\batik-anim.jar;D:/Xilinx/Vivado/2018.3\lib\classes\batik-awt-util.jar;D:/Xilinx/Vivado/2018.3\lib\classes\batik-bridge.jar;D:/Xilinx/Vivado/2018.3\lib\classes\batik-codec.jar;D:/Xilinx/Vivado/2018.3\lib\classes\batik-css.jar;D:/Xilinx/Vivado/2018.3\lib\classes\batik-dom.jar;D:/Xilinx/Vivado/2018.3\lib\classes\batik-ext.jar;D:/Xilinx/Vivado/2018.3\lib\classes\batik-gui-util.jar;D:/Xilinx/Vivado/2018.3\lib\classes\batik-gvt.jar;D:/Xilinx/Vivado/2018.3\lib\classes\batik-parser.jar;D:/Xilinx/Vivado/2018.3\lib\classes\batik-script.jar;D:/Xilinx/Vivado/2018.3\lib\classes\batik-svg-dom.jar;D:/Xilinx/Vivado/2018.3\lib\classes\batik-swing.jar;D:/Xilinx/Vivado/2018.3\lib\classes\batik-transcoder.jar;D:/Xilinx/Vivado/2018.3\lib\classes\batik-util.jar;D:/Xilinx/Vivado/2018.3\lib\classes\batik-xml.jar;D:/Xilinx/Vivado/2018.3\lib\classes\com.ibm.icu_4.4.2.v20110208.jar;D:/Xilinx/Vivado/2018.3\lib\classes\commons-collections4-4.1.jar;D:/Xilinx/Vivado/2018.3\lib\classes\commons-math-2.2.jar;D:/Xilinx/Vivado/2018.3\lib\classes\dom4j-1.6.1.jar;D:/Xilinx/Vivado/2018.3\lib\classes\guava-18.0.jar;D:/Xilinx/Vivado/2018.3\lib\classes\help.jar;D:/Xilinx/Vivado/2018.3\lib\classes\hsqldb.jar;D:/Xilinx/Vivado/2018.3\lib\classes\jargs.jar;D:/Xilinx/Vivado/2018.3\lib\classes\jaxb-api-2.3.0.jar;D:/Xilinx/Vivado/2018.3\lib\classes\jh.jar;D:/Xilinx/Vivado/2018.3\lib\classes\jide-action.jar;D:/Xilinx/Vivado/2018.3\lib\classes\jide-charts.jar;D:/Xilinx/Vivado/2018.3\lib\classes\jide-common.jar;D:/Xilinx/Vivado/2018.3\lib\classes\jide-components.jar;D:/Xilinx/Vivado/2018.3\lib\classes\jide-dashboard.jar;D:/Xilinx/Vivado/2018.3\lib\classes\jide-data.jar;D:/Xilinx/Vivado/2018.3\lib\classes\jide-dialogs.jar
Launcher Type: generic

Logging:
Log output configuration:
#0: stdout all=warning uptime,level,tags
#1: stderr all=off uptime,level,tags

Environment Variables:
JAVA_HOME=C:\Program Files (x86)\Java\jdk1.8.0_192
CLASSPATH=.;C:\Program Files (x86)\Java\jdk1.8.0_192\lib\dt.jar;C:\Program Files (x86)\Java\jdk1.8.0_192\lib\tools.jar;
PATH=D:/Xilinx/Vivado/2018.3/bin;D:/Xilinx/Vivado/2018.3/lib/win64.o;D:/Xilinx/Vivado/2018.3/tps/win64/jre9.0.4/bin/server;D:/Xilinx/Vivado/2018.3/tps/win64/jre9.0.4/bin;D:/Xilinx/SDK/2018.3/bin;D:/Xilinx/Vivado/2018.3/ids_lite/ISE/bin/nt64;D:/Xilinx/Vivado/2018.3/ids_lite/ISE/lib/nt64;C:\Program Files (x86)\Intel\Intel(R) Management Engine Components\iCLS\;C:\Program Files\Intel\Intel(R) Management Engine Components\iCLS\;C:\Windows\system32;C:\Windows;C:\Windows\System32\Wbem;C:\Windows\System32\WindowsPowerShell\v1.0\;C:\Windows\System32\OpenSSH\;C:\Program Files (x86)\Intel\Intel(R) Management Engine Components\DAL;C:\Program Files\Intel\Intel(R) Management Engine Components\DAL;C:\Program Files (x86)\Intel\Intel(R) Management Engine Components\IPT;C:\Program Files\Intel\Intel(R) Management Engine Components\IPT;C:\Program Files\nodejs\;C:\Program Files (x86)\Java\jdk1.8.0_192\bin;D:\opencv\build\x86\vc14\bin;D:\opencv\build\x64\vc14\bin;C:\Program Files (x86)\MySQL\MySQL Server 5.7\bin;D:\androidsdk\platform-tools; C:\Program Files\NVIDIA GPU Computing Toolkit\CUDA\v10.1\lib\x64 ;C:\Program Files\NVIDIA GPU Computing Toolkit\CUDA\v10.1\bin;C:\ProgramData\NVIDIA Corporation\CUDA Samples\v10.1\common\lib\x64;C:\ProgramData\NVIDIA Corporation\CUDA Samples\v10.1\bin\win64;C:\Program Files\NVIDIA GPU Computing Toolkit\CUDA\v10.1\lib\x64;C:\ProgramData\NVIDIA Corporation\CUDA Samples\v8.0\bin\win64;C:\Program Files\Intel\WiFi\bin\;C:\Program Files\Common Files\Intel\WirelessCommon\;C:\Program Files\Polyspace\R2019b\bin;C:\Users\°×Öà\AppData\Local\Microsoft\WindowsApps;C:\Users\°×Öà\AppData\Roaming\npm;;D:/Xilinx/Vivado/2018.3\tps\mingw\6.2.0\win64.o\nt\bin;D:/Xilinx/Vivado/2018.3\tps\mingw\6.2.0\win64.o\nt\libexec\gcc\x86_64-w64-mingw32\6.2.0
USERNAME=°×Öà
OS=Windows_NT
PROCESSOR_IDENTIFIER=Intel64 Family 6 Model 142 Stepping 10, GenuineIntel



---------------  S Y S T E M  ---------------

OS: Windows 10 , 64 bit Build 18362 (10.0.18362.329)

CPU:total 8 (initial active 8) (4 cores per cpu, 2 threads per core) family 6 model 142 stepping 10, cmov, cx8, fxsr, mmx, sse, sse2, sse3, ssse3, sse4.1, sse4.2, popcnt, avx, avx2, aes, clmul, erms, 3dnowpref, lzcnt, ht, tsc, tscinvbit, bmi1, bmi2, adx, fma

Memory: 4k page, physical 8239880k(1534736k free), swap 12448496k(2248528k free)

vm_info: Java HotSpot(TM) 64-Bit Server VM (9.0.4+11) for windows-amd64 JRE (9.0.4+11), built on Dec 20 2017 02:18:54 by "mach5one" with MS VC++ 12.0 (VS2013)

END.
