#-----------------------------------------------------------
# Vivado v2018.3 (64-bit)
# SW Build 2405991 on Thu Dec  6 23:38:27 MST 2018
# IP Build 2404404 on Fri Dec  7 01:43:56 MST 2018
# Start of session at: Wed Jun 24 13:41:21 2020
# Process ID: 18000
# Current directory: D:/Vivado/Lab1_Cache
# Command line: vivado.exe -gui_launcher_event rodinguilauncherevent24088 D:\Vivado\Lab1_Cache\Lab1_Cache.xpr
# Log file: D:/Vivado/Lab1_Cache/vivado.log
# Journal file: D:/Vivado/Lab1_Cache\vivado.jou
#-----------------------------------------------------------
start_gui
open_project D:/Vivado/Lab1_Cache/Lab1_Cache.xpr
Scanning sources...
Finished scanning sources
INFO: [IP_Flow 19-234] Refreshing IP repositories
INFO: [IP_Flow 19-1704] No user IP repositories specified
INFO: [IP_Flow 19-2313] Loaded Vivado IP repository 'D:/Xilinx/Vivado/2018.3/data/ip'.
open_project: Time (s): cpu = 00:00:16 ; elapsed = 00:00:06 . Memory (MB): peak = 720.012 ; gain = 111.953
update_compile_order -fileset sources_1
reset_run synth_1
launch_runs synth_1 -jobs 4
[Wed Jun 24 13:41:48 2020] Launched synth_1...
Run output will be captured here: D:/Vivado/Lab1_Cache/Lab1_Cache.runs/synth_1/runme.log
exit
INFO: [Common 17-206] Exiting Vivado at Wed Jun 24 13:42:33 2020...
