Vivado Simulator 2018.3
Time resolution is 1 ps
========进行仲裁测试（计数起始点0）========
======从终止点开始的循环模式======
共有2个设备提起请求
请求状态：设备3(1);设备2(1);设备1(0);设备0(0)
本次设备2将得到总线控制权
                 130时刻，设备2已得到响应
                 150时刻，设备2完成总线访问，请求已撤出
请求状态：设备3(1);设备2(0);设备1(0);设备0(0)
本次设备3将得到总线控制权
                 190时刻，设备3已得到响应
                 210时刻，设备3完成总线访问，请求已撤出
========进行仲裁测试（计数起始点1）========
======从终止点开始的循环模式======
共有2个设备提起请求
请求状态：设备3(0);设备2(1);设备1(0);设备0(1)
本次设备2将得到总线控制权
                 290时刻，设备2已得到响应
                 310时刻，设备2完成总线访问，请求已撤出
请求状态：设备3(0);设备2(0);设备1(0);设备0(1)
本次设备0将得到总线控制权
                 370时刻，设备0已得到响应
                 390时刻，设备0完成总线访问，请求已撤出
========进行仲裁测试（计数起始点3）========
======从终止点开始的循环模式======
共有3个设备提起请求
请求状态：设备3(1);设备2(1);设备1(0);设备0(1)
本次设备3将得到总线控制权
                 465时刻，设备3已得到响应
                 485时刻，设备3完成总线访问，请求已撤出
请求状态：设备3(0);设备2(1);设备1(0);设备0(1)
本次设备0将得到总线控制权
                 510时刻，设备0已得到响应
                 530时刻，设备0完成总线访问，请求已撤出
请求状态：设备3(0);设备2(1);设备1(0);设备0(0)
本次设备2将得到总线控制权
                 590时刻，设备2已得到响应
                 610时刻，设备2完成总线访问，请求已撤出
========进行仲裁测试（计数起始点2）========
======从终止点开始的循环模式======
共有3个设备提起请求
请求状态：设备3(1);设备2(1);设备1(0);设备0(1)
本次设备2将得到总线控制权
                 685时刻，设备2已得到响应
                 705时刻，设备2完成总线访问，请求已撤出
请求状态：设备3(1);设备2(0);设备1(0);设备0(1)
本次设备3将得到总线控制权
                 730时刻，设备3已得到响应
                 750时刻，设备3完成总线访问，请求已撤出
请求状态：设备3(0);设备2(0);设备1(0);设备0(1)
本次设备0将得到总线控制权
                 790时刻，设备0已得到响应
                 810时刻，设备0完成总线访问，请求已撤出
========进行仲裁测试（计数起始点0）========
======从终止点开始的循环模式======
共有0个设备提起请求
========进行仲裁测试（计数起始点2）========
======从计数起始点开始的循环模式======
共有3个设备提起请求
请求状态：设备3(1);设备2(1);设备1(0);设备0(1)
本次设备2将得到总线控制权
                 960时刻，设备2已得到响应
                 980时刻，设备2完成总线访问，请求已撤出
请求状态：设备3(1);设备2(0);设备1(0);设备0(1)
本次设备3将得到总线控制权
                1010时刻，设备3已得到响应
                1030时刻，设备3完成总线访问，请求已撤出
请求状态：设备3(0);设备2(0);设备1(0);设备0(1)
本次设备0将得到总线控制权
                1090时刻，设备0已得到响应
                1110时刻，设备0完成总线访问，请求已撤出
========进行仲裁测试（计数起始点3）========
======从计数起始点开始的循环模式======
共有2个设备提起请求
请求状态：设备3(0);设备2(1);设备1(1);设备0(0)
本次设备1将得到总线控制权
                1210时刻，设备1已得到响应
                1230时刻，设备1完成总线访问，请求已撤出
请求状态：设备3(0);设备2(1);设备1(0);设备0(0)
本次设备2将得到总线控制权
                1310时刻，设备2已得到响应
                1330时刻，设备2完成总线访问，请求已撤出
========进行仲裁测试（计数起始点3）========
======从计数起始点开始的循环模式======
共有3个设备提起请求
请求状态：设备3(1);设备2(1);设备1(1);设备0(0)
本次设备3将得到总线控制权
                1405时刻，设备3已得到响应
                1425时刻，设备3完成总线访问，请求已撤出
请求状态：设备3(0);设备2(1);设备1(1);设备0(0)
本次设备1将得到总线控制权
                1470时刻，设备1已得到响应
                1490时刻，设备1完成总线访问，请求已撤出
请求状态：设备3(0);设备2(1);设备1(0);设备0(0)
本次设备2将得到总线控制权
                1570时刻，设备2已得到响应
                1590时刻，设备2完成总线访问，请求已撤出
========进行仲裁测试（计数起始点3）========
======从计数起始点开始的循环模式======
测试完成
