#-----------------------------------------------------------
# Vivado v2018.3 (64-bit)
# SW Build 2405991 on Thu Dec  6 23:38:27 MST 2018
# IP Build 2404404 on Fri Dec  7 01:43:56 MST 2018
# Start of session at: Sun Jun 28 13:33:18 2020
# Process ID: 17836
# Current directory: D:/Vivado/Lab5_Mcpu
# Command line: vivado.exe -gui_launcher_event rodinguilauncherevent14308 D:\Vivado\Lab5_Mcpu\Lab5_Scpu.xpr
# Log file: D:/Vivado/Lab5_Mcpu/vivado.log
# Journal file: D:/Vivado/Lab5_Mcpu\vivado.jou
#-----------------------------------------------------------
start_gui
open_project D:/Vivado/Lab5_Mcpu/Lab5_Scpu.xpr
Scanning sources...
Finished scanning sources
INFO: [IP_Flow 19-234] Refreshing IP repositories
INFO: [IP_Flow 19-1704] No user IP repositories specified
INFO: [IP_Flow 19-2313] Loaded Vivado IP repository 'D:/Xilinx/Vivado/2018.3/data/ip'.
open_project: Time (s): cpu = 00:00:15 ; elapsed = 00:00:06 . Memory (MB): peak = 720.922 ; gain = 98.793
exit
INFO: [Common 17-206] Exiting Vivado at Sun Jun 28 14:40:11 2020...
